2016-10-18 17:00:51.813 KST [main] INFO  chainlinker.ChainLinker - Starting...
2016-10-18 17:00:51.814 KST [main] DEBUG chainlinker.ChainLinker - Loading config file...
2016-10-18 17:00:51.816 KST [main] DEBUG chainlinker.ConfigLoader - Loading config file...
2016-10-18 17:00:51.819 KST [main] FATAL chainlinker.ConfigLoader - Failed to open config file. Is it in proper place? The file's full path must be "/opt/kafka-influx-linker/.Kafka-InfluxDB-Chain".
java.io.FileNotFoundException: /opt/kafka-influx-linker/.kafka-influx-linker (No such file or directory)
	at java.io.FileInputStream.open0(Native Method) ~[?:1.8.0_51]
	at java.io.FileInputStream.open(FileInputStream.java:195) ~[?:1.8.0_51]
	at java.io.FileInputStream.<init>(FileInputStream.java:138) ~[?:1.8.0_51]
	at java.io.FileInputStream.<init>(FileInputStream.java:93) ~[?:1.8.0_51]
	at java.io.FileReader.<init>(FileReader.java:58) ~[?:1.8.0_51]
	at chainlinker.ConfigLoader.load(ConfigLoader.java:147) ~[classes/:?]
	at chainlinker.ConfigLoader.<init>(ConfigLoader.java:127) ~[classes/:?]
	at chainlinker.ConfigLoader.makeInstance(ConfigLoader.java:29) [classes/:?]
	at chainlinker.ConfigLoader.<clinit>(ConfigLoader.java:21) [classes/:?]
	at chainlinker.ChainLinker.main(ChainLinker.java:24) [classes/:?]
2016-10-18 17:00:51.826 KST [main] FATAL chainlinker.ChainLinker - Error during loading config file.
2016-12-18 03:40:51.297 KST [main] INFO  chainlinker.ChainLinker - Starting...
2016-12-18 03:40:51.318 KST [main] DEBUG chainlinker.ChainLinker - Loading config file...
2016-12-18 03:40:51.319 KST [main] DEBUG chainlinker.ConfigLoader - Loading config file...
2016-12-18 03:40:51.323 KST [main] FATAL chainlinker.ConfigLoader - Failed to open config file. Is it in proper place? The file's full path must be "/opt/kafka-influx-linker/.Kafka-InfluxDB-Chain".
java.io.FileNotFoundException: /opt/kafka-influx-linker/.kafka-influx-linker (No such file or directory)
	at java.io.FileInputStream.open0(Native Method) ~[?:1.8.0_51]
	at java.io.FileInputStream.open(FileInputStream.java:195) ~[?:1.8.0_51]
	at java.io.FileInputStream.<init>(FileInputStream.java:138) ~[?:1.8.0_51]
	at java.io.FileInputStream.<init>(FileInputStream.java:93) ~[?:1.8.0_51]
	at java.io.FileReader.<init>(FileReader.java:58) ~[?:1.8.0_51]
	at chainlinker.ConfigLoader.load(ConfigLoader.java:147) ~[classes/:?]
	at chainlinker.ConfigLoader.<init>(ConfigLoader.java:127) ~[classes/:?]
	at chainlinker.ConfigLoader.makeInstance(ConfigLoader.java:29) [classes/:?]
	at chainlinker.ConfigLoader.<clinit>(ConfigLoader.java:21) [classes/:?]
	at chainlinker.ChainLinker.main(ChainLinker.java:23) [classes/:?]
2016-12-18 03:40:51.330 KST [main] FATAL chainlinker.ChainLinker - Error during loading config file.
2016-12-18 04:33:22.821 KST [main] INFO  chainlinker.ChainLinker - Starting...
2016-12-18 04:33:22.824 KST [main] DEBUG chainlinker.ChainLinker - Loading config file...
2016-12-18 04:33:22.826 KST [main] DEBUG chainlinker.ConfigLoader - Loading config file...
2016-12-18 04:33:22.829 KST [main] FATAL chainlinker.ConfigLoader - Failed to open config file. Is it in proper place? The file's full path must be "/opt/kafka-influx-linker/.Kafka-InfluxDB-Chain".
java.io.FileNotFoundException: /opt/kafka-influx-linker/.kafka-influx-linker (No such file or directory)
	at java.io.FileInputStream.open0(Native Method) ~[?:1.8.0_51]
	at java.io.FileInputStream.open(FileInputStream.java:195) ~[?:1.8.0_51]
	at java.io.FileInputStream.<init>(FileInputStream.java:138) ~[?:1.8.0_51]
	at java.io.FileInputStream.<init>(FileInputStream.java:93) ~[?:1.8.0_51]
	at java.io.FileReader.<init>(FileReader.java:58) ~[?:1.8.0_51]
	at chainlinker.ConfigLoader.load(ConfigLoader.java:148) ~[classes/:?]
	at chainlinker.ConfigLoader.<init>(ConfigLoader.java:128) ~[classes/:?]
	at chainlinker.ConfigLoader.makeInstance(ConfigLoader.java:29) [classes/:?]
	at chainlinker.ConfigLoader.<clinit>(ConfigLoader.java:21) [classes/:?]
	at chainlinker.ChainLinker.main(ChainLinker.java:23) [classes/:?]
2016-12-18 04:33:22.835 KST [main] FATAL chainlinker.ChainLinker - Error during loading config file.
2016-12-18 05:17:35.858 KST [main] INFO  chainlinker.ChainLinker - Starting...
2016-12-18 05:17:35.861 KST [main] DEBUG chainlinker.ChainLinker - Loading config file...
2016-12-18 05:17:35.863 KST [main] DEBUG chainlinker.ConfigLoader - Loading config file...
2016-12-18 05:17:35.867 KST [main] FATAL chainlinker.ConfigLoader - Failed to open config file. Is it in proper place? The file's full path must be "/opt/kafka-influx-linker/.Kafka-InfluxDB-Chain".
java.io.FileNotFoundException: /opt/kafka-influx-linker/.kafka-influx-linker (No such file or directory)
	at java.io.FileInputStream.open0(Native Method) ~[?:1.8.0_51]
	at java.io.FileInputStream.open(FileInputStream.java:195) ~[?:1.8.0_51]
	at java.io.FileInputStream.<init>(FileInputStream.java:138) ~[?:1.8.0_51]
	at java.io.FileInputStream.<init>(FileInputStream.java:93) ~[?:1.8.0_51]
	at java.io.FileReader.<init>(FileReader.java:58) ~[?:1.8.0_51]
	at chainlinker.ConfigLoader.load(ConfigLoader.java:148) ~[classes/:?]
	at chainlinker.ConfigLoader.<init>(ConfigLoader.java:128) ~[classes/:?]
	at chainlinker.ConfigLoader.makeInstance(ConfigLoader.java:29) [classes/:?]
	at chainlinker.ConfigLoader.<clinit>(ConfigLoader.java:21) [classes/:?]
	at chainlinker.ChainLinker.main(ChainLinker.java:23) [classes/:?]
2016-12-18 05:17:35.874 KST [main] FATAL chainlinker.ChainLinker - Error during loading config file.
